<?xml version="1.0" encoding="UTF-8"?>
<testng-results ignored="0" total="4" passed="2" failed="1" skipped="1">
  <reporter-output>
  </reporter-output>
  <suite started-at="2024-06-17T15:53:09 IST" name="Default suite" finished-at="2024-06-17T15:53:32 IST" duration-ms="23448">
    <groups>
    </groups>
    <test started-at="2024-06-17T15:53:09 IST" name="Default test" finished-at="2024-06-17T15:53:32 IST" duration-ms="23448">
      <class name="test.SwagLabLoginTest">
        <test-method is-config="true" signature="openSwagLab()[pri:0, instance:test.SwagLabLoginTest@145f66e3]" started-at="2024-06-17T15:53:09 IST" name="openSwagLab" finished-at="2024-06-17T15:53:15 IST" duration-ms="6189" status="PASS">
          <reporter-output>
          </reporter-output>
        </test-method> <!-- openSwagLab -->
        <test-method signature="lockedoutuser()[pri:0, instance:test.SwagLabLoginTest@145f66e3]" started-at="2024-06-17T15:53:15 IST" name="lockedoutuser" finished-at="2024-06-17T15:53:15 IST" duration-ms="483" status="FAIL">
          <exception class="java.lang.AssertionError">
            <message>
              <![CDATA[expected [true] but found [false]]]>
            </message>
            <full-stacktrace>
              <![CDATA[java.lang.AssertionError: expected [true] but found [false]
at org.testng.Assert.fail(Assert.java:111)
at org.testng.Assert.failNotEquals(Assert.java:1578)
at org.testng.Assert.assertTrue(Assert.java:57)
at org.testng.Assert.assertTrue(Assert.java:67)
at test.SwagLabLoginTest.lockedoutuser(SwagLabLoginTest.java:41)
at java.base/jdk.internal.reflect.NativeMethodAccessorImpl.invoke0(Native Method)
at java.base/jdk.internal.reflect.NativeMethodAccessorImpl.invoke(NativeMethodAccessorImpl.java:77)
at java.base/jdk.internal.reflect.DelegatingMethodAccessorImpl.invoke(DelegatingMethodAccessorImpl.java:43)
at java.base/java.lang.reflect.Method.invoke(Method.java:568)
at org.testng.internal.invokers.MethodInvocationHelper.invokeMethod(MethodInvocationHelper.java:141)
at org.testng.internal.invokers.TestInvoker.invokeMethod(TestInvoker.java:686)
at org.testng.internal.invokers.TestInvoker.invokeTestMethod(TestInvoker.java:230)
at org.testng.internal.invokers.MethodRunner.runInSequence(MethodRunner.java:63)
at org.testng.internal.invokers.TestInvoker$MethodInvocationAgent.invoke(TestInvoker.java:992)
at org.testng.internal.invokers.TestInvoker.invokeTestMethods(TestInvoker.java:203)
at org.testng.internal.invokers.TestMethodWorker.invokeTestMethods(TestMethodWorker.java:154)
at org.testng.internal.invokers.TestMethodWorker.run(TestMethodWorker.java:134)
at java.base/java.util.ArrayList.forEach(ArrayList.java:1511)
at org.testng.TestRunner.privateRun(TestRunner.java:739)
at org.testng.TestRunner.run(TestRunner.java:614)
at org.testng.SuiteRunner.runTest(SuiteRunner.java:421)
at org.testng.SuiteRunner.runSequentially(SuiteRunner.java:413)
at org.testng.SuiteRunner.privateRun(SuiteRunner.java:373)
at org.testng.SuiteRunner.run(SuiteRunner.java:312)
at org.testng.SuiteRunnerWorker.runSuite(SuiteRunnerWorker.java:52)
at org.testng.SuiteRunnerWorker.run(SuiteRunnerWorker.java:95)
at org.testng.TestNG.runSuitesSequentially(TestNG.java:1274)
at org.testng.TestNG.runSuitesLocally(TestNG.java:1208)
at org.testng.TestNG.runSuites(TestNG.java:1112)
at org.testng.TestNG.run(TestNG.java:1079)
at org.testng.remote.AbstractRemoteTestNG.run(AbstractRemoteTestNG.java:115)
at org.testng.remote.RemoteTestNG.initAndRun(RemoteTestNG.java:293)
at org.testng.remote.RemoteTestNG.main(RemoteTestNG.java:91)
]]>
            </full-stacktrace>
          </exception> <!-- java.lang.AssertionError -->
          <reporter-output>
          </reporter-output>
        </test-method> <!-- lockedoutuser -->
        <test-method is-config="true" signature="closeBrowser()[pri:0, instance:test.SwagLabLoginTest@145f66e3]" started-at="2024-06-17T15:53:16 IST" name="closeBrowser" finished-at="2024-06-17T15:53:16 IST" duration-ms="301" status="PASS">
          <reporter-output>
          </reporter-output>
        </test-method> <!-- closeBrowser -->
        <test-method signature="performanceglitchuser()[pri:0, instance:test.SwagLabLoginTest@145f66e3]" started-at="2024-06-17T15:53:16 IST" name="performanceglitchuser" finished-at="2024-06-17T15:53:16 IST" depends-on-methods="test.SwagLabLoginTest.lockedoutuser" duration-ms="0" status="SKIP">
          <exception class="java.lang.Throwable">
            <message>
              <![CDATA[Method test.SwagLabLoginTest.performanceglitchuser() on instance test.SwagLabLoginTest@145f66e3 depends on not successfully finished methods 
[test.SwagLabLoginTest.lockedoutuser() on instance test.SwagLabLoginTest@145f66e3]]]>
            </message>
            <full-stacktrace>
              <![CDATA[java.lang.Throwable: Method test.SwagLabLoginTest.performanceglitchuser() on instance test.SwagLabLoginTest@145f66e3 depends on not successfully finished methods 
[test.SwagLabLoginTest.lockedoutuser() on instance test.SwagLabLoginTest@145f66e3]
at org.testng.internal.invokers.TestInvoker.invokeTestMethods(TestInvoker.java:159)
at org.testng.internal.invokers.TestMethodWorker.invokeTestMethods(TestMethodWorker.java:154)
at org.testng.internal.invokers.TestMethodWorker.run(TestMethodWorker.java:134)
at java.base/java.util.ArrayList.forEach(ArrayList.java:1511)
at org.testng.TestRunner.privateRun(TestRunner.java:739)
at org.testng.TestRunner.run(TestRunner.java:614)
at org.testng.SuiteRunner.runTest(SuiteRunner.java:421)
at org.testng.SuiteRunner.runSequentially(SuiteRunner.java:413)
at org.testng.SuiteRunner.privateRun(SuiteRunner.java:373)
at org.testng.SuiteRunner.run(SuiteRunner.java:312)
at org.testng.SuiteRunnerWorker.runSuite(SuiteRunnerWorker.java:52)
at org.testng.SuiteRunnerWorker.run(SuiteRunnerWorker.java:95)
at org.testng.TestNG.runSuitesSequentially(TestNG.java:1274)
at org.testng.TestNG.runSuitesLocally(TestNG.java:1208)
at org.testng.TestNG.runSuites(TestNG.java:1112)
at org.testng.TestNG.run(TestNG.java:1079)
at org.testng.remote.AbstractRemoteTestNG.run(AbstractRemoteTestNG.java:115)
at org.testng.remote.RemoteTestNG.initAndRun(RemoteTestNG.java:293)
at org.testng.remote.RemoteTestNG.main(RemoteTestNG.java:91)
]]>
            </full-stacktrace>
          </exception> <!-- java.lang.Throwable -->
          <reporter-output>
          </reporter-output>
        </test-method> <!-- performanceglitchuser -->
        <test-method is-config="true" signature="openSwagLab()[pri:0, instance:test.SwagLabLoginTest@145f66e3]" started-at="2024-06-17T15:53:16 IST" name="openSwagLab" finished-at="2024-06-17T15:53:22 IST" duration-ms="5796" status="PASS">
          <reporter-output>
          </reporter-output>
        </test-method> <!-- openSwagLab -->
        <test-method signature="loginWithValidUser()[pri:1, instance:test.SwagLabLoginTest@145f66e3]" started-at="2024-06-17T15:53:22 IST" name="loginWithValidUser" finished-at="2024-06-17T15:53:25 IST" duration-ms="3621" status="PASS">
          <reporter-output>
          </reporter-output>
        </test-method> <!-- loginWithValidUser -->
        <test-method is-config="true" signature="closeBrowser()[pri:0, instance:test.SwagLabLoginTest@145f66e3]" started-at="2024-06-17T15:53:25 IST" name="closeBrowser" finished-at="2024-06-17T15:53:26 IST" duration-ms="460" status="PASS">
          <reporter-output>
          </reporter-output>
        </test-method> <!-- closeBrowser -->
        <test-method is-config="true" signature="openSwagLab()[pri:0, instance:test.SwagLabLoginTest@145f66e3]" started-at="2024-06-17T15:53:26 IST" name="openSwagLab" finished-at="2024-06-17T15:53:31 IST" duration-ms="5348" status="PASS">
          <reporter-output>
          </reporter-output>
        </test-method> <!-- openSwagLab -->
        <test-method signature="problemuser()[pri:4, instance:test.SwagLabLoginTest@145f66e3]" started-at="2024-06-17T15:53:31 IST" name="problemuser" finished-at="2024-06-17T15:53:32 IST" duration-ms="578" status="PASS">
          <reporter-output>
          </reporter-output>
        </test-method> <!-- problemuser -->
        <test-method is-config="true" signature="closeBrowser()[pri:0, instance:test.SwagLabLoginTest@145f66e3]" started-at="2024-06-17T15:53:32 IST" name="closeBrowser" finished-at="2024-06-17T15:53:32 IST" duration-ms="380" status="PASS">
          <reporter-output>
          </reporter-output>
        </test-method> <!-- closeBrowser -->
      </class> <!-- test.SwagLabLoginTest -->
    </test> <!-- Default test -->
  </suite> <!-- Default suite -->
</testng-results>
